2024-01-06 23:27:44,013 INFO o.a.j.u.JMeterUtils: Setting Locale to en_US
2024-01-06 23:27:44,044 INFO o.a.j.JMeter: Loading user properties from: user.properties
2024-01-06 23:27:44,044 INFO o.a.j.JMeter: Loading system properties from: system.properties
2024-01-06 23:27:44,044 INFO o.a.j.JMeter: Copyright (c) 1998-2023 The Apache Software Foundation
2024-01-06 23:27:44,044 INFO o.a.j.JMeter: Version 5.6.2
2024-01-06 23:27:44,044 INFO o.a.j.JMeter: java.version=21.0.1
2024-01-06 23:27:44,044 INFO o.a.j.JMeter: java.vm.name=Java HotSpot(TM) 64-Bit Server VM
2024-01-06 23:27:44,060 INFO o.a.j.JMeter: os.name=Windows 10
2024-01-06 23:27:44,060 INFO o.a.j.JMeter: os.arch=amd64
2024-01-06 23:27:44,060 INFO o.a.j.JMeter: os.version=10.0
2024-01-06 23:27:44,060 INFO o.a.j.JMeter: file.encoding=UTF-8
2024-01-06 23:27:44,060 INFO o.a.j.JMeter: java.awt.headless=null
2024-01-06 23:27:44,060 INFO o.a.j.JMeter: Max memory     =2132803584
2024-01-06 23:27:44,060 INFO o.a.j.JMeter: Available Processors =4
2024-01-06 23:27:44,075 INFO o.a.j.JMeter: Default Locale=English (United States)
2024-01-06 23:27:44,075 INFO o.a.j.JMeter: JMeter  Locale=English (United States)
2024-01-06 23:27:44,075 INFO o.a.j.JMeter: JMeterHome=C:\jmeter\apache-jmeter-5.6.2
2024-01-06 23:27:44,075 INFO o.a.j.JMeter: user.dir  =C:\jmeter\apache-jmeter-5.6.2\bin
2024-01-06 23:27:44,075 INFO o.a.j.JMeter: PWD       =C:\jmeter\apache-jmeter-5.6.2\bin
2024-01-06 23:27:44,075 INFO o.a.j.JMeter: IP: 192.168.1.212 Name: DESKTOP-7PTHB87 FullName: DESKTOP-7PTHB87.home
2024-01-06 23:27:44,107 INFO o.a.j.JMeter: Loaded icon properties from org/apache/jmeter/images/icon.properties
2024-01-06 23:27:44,403 INFO o.a.j.JMeterGuiLauncher: Setting LAF to: laf:com.sun.java.swing.plaf.windows.WindowsClassicLookAndFeel
2024-01-06 23:27:45,742 INFO o.a.j.r.ClassFinder: Will scan jar C:\jmeter\apache-jmeter-5.6.2\lib\ext\jmeter-plugins-manager-1.10.jar with filter ExtendsClassFilter [parents=[interface org.apache.jmeter.gui.action.Command], inner=false, contains=null, notContains=null]. Consider exposing JMeter plugins via META-INF/services, and add JMeter-Skip-Class-Scanning=true manifest attribute so JMeter can skip classfile scanning
2024-01-06 23:27:46,008 INFO o.a.j.r.ClassFinder: Will scan jar C:\jmeter\apache-jmeter-5.6.2\lib\ext\jmeter-plugins-manager-1.10.jar with filter ExtendsClassFilter [parents=[interface org.apache.jmeter.gui.plugin.MenuCreator], inner=false, contains=null, notContains=null]. Consider exposing JMeter plugins via META-INF/services, and add JMeter-Skip-Class-Scanning=true manifest attribute so JMeter can skip classfile scanning
2024-01-06 23:27:46,163 INFO o.j.r.JARSourceHTTP: Requesting https://jmeter-plugins.org/repo/?installID=windows_10-9dd3819ea8cabeebdadb6c7e3ac0b02d-gui
2024-01-06 23:27:48,674 INFO o.j.r.PluginManager: Plugins Status: [jpgc-plugins-manager=1.10, jmeter-core=5.6.2, jmeter-ftp=5.6.2, jmeter-http=5.6.2, jmeter-jdbc=5.6.2, jmeter-jms=5.6.2, jmeter-junit=5.6.2, jmeter-java=5.6.2, jmeter-ldap=5.6.2, jmeter-mail=5.6.2, jmeter-mongodb=5.6.2, jmeter-native=5.6.2, jmeter-tcp=5.6.2, jmeter-components=5.6.2]
